<?xml version="1.0" encoding="UTF-8"?>
<testsuite name="ArmstrongNumbersTest" tests="9" skipped="8" failures="0" errors="0" timestamp="2026-01-06T18:11:38.742Z" hostname="Galadriel.local" time="0.034">
  <properties/>
  <testcase name="Three-digit number that is not an Armstrong number" classname="ArmstrongNumbersTest" time="0.0">
    <skipped/>
  </testcase>
  <testcase name="Seven-digit number that is not an Armstrong number" classname="ArmstrongNumbersTest" time="0.0">
    <skipped/>
  </testcase>
  <testcase name="There are no two-digit Armstrong numbers" classname="ArmstrongNumbersTest" time="0.0">
    <skipped/>
  </testcase>
  <testcase name="Single-digit numbers are Armstrong numbers" classname="ArmstrongNumbersTest" time="0.0">
    <skipped/>
  </testcase>
  <testcase name="Zero is an Armstrong number" classname="ArmstrongNumbersTest" time="0.029"/>
  <testcase name="Seven-digit number that is an Armstrong number" classname="ArmstrongNumbersTest" time="0.0">
    <skipped/>
  </testcase>
  <testcase name="Four-digit number that is not an Armstrong number" classname="ArmstrongNumbersTest" time="0.0">
    <skipped/>
  </testcase>
  <testcase name="Four-digit number that is an Armstrong number" classname="ArmstrongNumbersTest" time="0.001">
    <skipped/>
  </testcase>
  <testcase name="Three-digit number that is an Armstrong number" classname="ArmstrongNumbersTest" time="0.0">
    <skipped/>
  </testcase>
  <system-out><![CDATA[]]></system-out>
  <system-err><![CDATA[]]></system-err>
</testsuite>
