<?xml version="1.0" encoding="UTF-8"?>
<testsuite name="DartsTest" tests="13" skipped="12" failures="0" errors="0" timestamp="2026-01-08T18:10:25.501Z" hostname="Galadriel.local" time="0.041">
  <properties/>
  <testcase name="Exactly on center" classname="DartsTest" time="0.0">
    <skipped/>
  </testcase>
  <testcase name="On the inner circle" classname="DartsTest" time="0.0">
    <skipped/>
  </testcase>
  <testcase name="Just within the inner circle" classname="DartsTest" time="0.001">
    <skipped/>
  </testcase>
  <testcase name="Just within the middle circle" classname="DartsTest" time="0.0">
    <skipped/>
  </testcase>
  <testcase name="Asymmetric position between the inner and middle circles" classname="DartsTest" time="0.0">
    <skipped/>
  </testcase>
  <testcase name="Near the center" classname="DartsTest" time="0.0">
    <skipped/>
  </testcase>
  <testcase name="Missed target" classname="DartsTest" time="0.032"/>
  <testcase name="Just outside the outer circle" classname="DartsTest" time="0.0">
    <skipped/>
  </testcase>
  <testcase name="Just outside the middle circle" classname="DartsTest" time="0.0">
    <skipped/>
  </testcase>
  <testcase name="On the middle circle" classname="DartsTest" time="0.0">
    <skipped/>
  </testcase>
  <testcase name="On the outer circle" classname="DartsTest" time="0.0">
    <skipped/>
  </testcase>
  <testcase name="Just within the outer circle" classname="DartsTest" time="0.0">
    <skipped/>
  </testcase>
  <testcase name="Just outside the inner circle" classname="DartsTest" time="0.0">
    <skipped/>
  </testcase>
  <system-out><![CDATA[]]></system-out>
  <system-err><![CDATA[]]></system-err>
</testsuite>
